[2026-03-23 22:49:01]	[info] incremental build: 23 source files changed
These source files will be recompiled
---
'f:\STM32CubeMX\project\dji-F407VET6\Core\Src\can.c': object (.o) file not exist
'f:\STM32CubeMX\project\dji-F407VET6\Core\Src\gpio.c': object (.o) file not exist
'f:\STM32CubeMX\project\dji-F407VET6\Core\Src\main.c': object (.o) file not exist
'f:\STM32CubeMX\project\dji-F407VET6\Core\Src\stm32f4xx_hal_msp.c': object (.o) file not exist
'f:\STM32CubeMX\project\dji-F407VET6\Core\Src\stm32f4xx_it.c': object (.o) file not exist
'f:\STM32CubeMX\project\dji-F407VET6\Core\Src\syscalls.c': compiler options has been changed.
'f:\STM32CubeMX\project\dji-F407VET6\Core\Src\sysmem.c': compiler options has been changed.
'f:\STM32CubeMX\project\dji-F407VET6\Core\Src\system_stm32f4xx.c': object (.o) file not exist
'f:\STM32CubeMX\project\dji-F407VET6\Drivers\STM32F4xx_HAL_Driver\Src\stm32f4xx_hal.c': object (.o) file not exist
'f:\STM32CubeMX\project\dji-F407VET6\Drivers\STM32F4xx_HAL_Driver\Src\stm32f4xx_hal_can.c': object (.o) file not exist
'f:\STM32CubeMX\project\dji-F407VET6\Drivers\STM32F4xx_HAL_Driver\Src\stm32f4xx_hal_cortex.c': object (.o) file not exist
'f:\STM32CubeMX\project\dji-F407VET6\Drivers\STM32F4xx_HAL_Driver\Src\stm32f4xx_hal_dma.c': object (.o) file not exist
'f:\STM32CubeMX\project\dji-F407VET6\Drivers\STM32F4xx_HAL_Driver\Src\stm32f4xx_hal_dma_ex.c': object (.o) file not exist
'f:\STM32CubeMX\project\dji-F407VET6\Drivers\STM32F4xx_HAL_Driver\Src\stm32f4xx_hal_exti.c': object (.o) file not exist
'f:\STM32CubeMX\project\dji-F407VET6\Drivers\STM32F4xx_HAL_Driver\Src\stm32f4xx_hal_flash.c': object (.o) file not exist
'f:\STM32CubeMX\project\dji-F407VET6\Drivers\STM32F4xx_HAL_Driver\Src\stm32f4xx_hal_flash_ex.c': object (.o) file not exist
'f:\STM32CubeMX\project\dji-F407VET6\Drivers\STM32F4xx_HAL_Driver\Src\stm32f4xx_hal_flash_ramfunc.c': object (.o) file not exist
'f:\STM32CubeMX\project\dji-F407VET6\Drivers\STM32F4xx_HAL_Driver\Src\stm32f4xx_hal_gpio.c': object (.o) file not exist
'f:\STM32CubeMX\project\dji-F407VET6\Drivers\STM32F4xx_HAL_Driver\Src\stm32f4xx_hal_pwr.c': object (.o) file not exist
'f:\STM32CubeMX\project\dji-F407VET6\Drivers\STM32F4xx_HAL_Driver\Src\stm32f4xx_hal_pwr_ex.c': object (.o) file not exist
'f:\STM32CubeMX\project\dji-F407VET6\Drivers\STM32F4xx_HAL_Driver\Src\stm32f4xx_hal_rcc.c': object (.o) file not exist
'f:\STM32CubeMX\project\dji-F407VET6\Drivers\STM32F4xx_HAL_Driver\Src\stm32f4xx_hal_rcc_ex.c': object (.o) file not exist
'f:\STM32CubeMX\project\dji-F407VET6\startup_stm32f407xx.s': object (.o) file not exist

[2026-03-23 22:49:03]	[done]
	build successfully !

[2026-03-23 22:54:48]	[info] incremental build: 1 source files changed
These source files will be recompiled
---
'f:\STM32CubeMX\project\dji-F407VET6\Core\Src\can_motor.c': object (.o) file not exist

[2026-03-23 22:54:48]	[done]
	build successfully !

[2026-03-23 22:56:27]	[info] incremental build: 1 source files changed
These source files will be recompiled
---
'f:\STM32CubeMX\project\dji-F407VET6\Core\Src\stm32f4xx_it.c': source file has been changed.

[2026-03-23 22:56:27]	[done]
	build successfully !

[2026-03-23 23:00:53]	[info] incremental build: 1 source files changed
These source files will be recompiled
---
'f:\STM32CubeMX\project\dji-F407VET6\Core\Src\main.c': source file has been changed.

[2026-03-23 23:00:53]	[done]
	build successfully !

[2026-03-26 02:23:12]	[info] incremental build: 25 source files changed
These source files will be recompiled
---
'f:\STM32CubeMX\project\dji-F407VET6\Core\Src\can.c': dependence 'f:\STM32CubeMX\project\dji-F407VET6\Core\Inc\stm32f4xx_hal_conf.h' has been changed.
'f:\STM32CubeMX\project\dji-F407VET6\Core\Src\can_motor.c': dependence 'f:\STM32CubeMX\project\dji-F407VET6\Core\Inc\can_motor.h' has been changed.
'f:\STM32CubeMX\project\dji-F407VET6\Core\Src\dma.c': object (.o) file not exist
'f:\STM32CubeMX\project\dji-F407VET6\Core\Src\gpio.c': dependence 'f:\STM32CubeMX\project\dji-F407VET6\Core\Inc\stm32f4xx_hal_conf.h' has been changed.
'f:\STM32CubeMX\project\dji-F407VET6\Core\Src\main.c': source file has been changed.
'f:\STM32CubeMX\project\dji-F407VET6\Core\Src\stm32f4xx_hal_msp.c': dependence 'f:\STM32CubeMX\project\dji-F407VET6\Core\Inc\stm32f4xx_hal_conf.h' has been changed.
'f:\STM32CubeMX\project\dji-F407VET6\Core\Src\stm32f4xx_it.c': source file has been changed.
'f:\STM32CubeMX\project\dji-F407VET6\Core\Src\system_stm32f4xx.c': dependence 'f:\STM32CubeMX\project\dji-F407VET6\Core\Inc\stm32f4xx_hal_conf.h' has been changed.
'f:\STM32CubeMX\project\dji-F407VET6\Core\Src\usart.c': object (.o) file not exist
'f:\STM32CubeMX\project\dji-F407VET6\Core\Src\vofa.c': object (.o) file not exist
'f:\STM32CubeMX\project\dji-F407VET6\Drivers\STM32F4xx_HAL_Driver\Src\stm32f4xx_hal.c': dependence 'f:\STM32CubeMX\project\dji-F407VET6\Core\Inc\stm32f4xx_hal_conf.h' has been changed.
'f:\STM32CubeMX\project\dji-F407VET6\Drivers\STM32F4xx_HAL_Driver\Src\stm32f4xx_hal_can.c': dependence 'f:\STM32CubeMX\project\dji-F407VET6\Core\Inc\stm32f4xx_hal_conf.h' has been changed.
'f:\STM32CubeMX\project\dji-F407VET6\Drivers\STM32F4xx_HAL_Driver\Src\stm32f4xx_hal_cortex.c': dependence 'f:\STM32CubeMX\project\dji-F407VET6\Core\Inc\stm32f4xx_hal_conf.h' has been changed.
'f:\STM32CubeMX\project\dji-F407VET6\Drivers\STM32F4xx_HAL_Driver\Src\stm32f4xx_hal_dma.c': dependence 'f:\STM32CubeMX\project\dji-F407VET6\Core\Inc\stm32f4xx_hal_conf.h' has been changed.
'f:\STM32CubeMX\project\dji-F407VET6\Drivers\STM32F4xx_HAL_Driver\Src\stm32f4xx_hal_dma_ex.c': dependence 'f:\STM32CubeMX\project\dji-F407VET6\Core\Inc\stm32f4xx_hal_conf.h' has been changed.
'f:\STM32CubeMX\project\dji-F407VET6\Drivers\STM32F4xx_HAL_Driver\Src\stm32f4xx_hal_exti.c': dependence 'f:\STM32CubeMX\project\dji-F407VET6\Core\Inc\stm32f4xx_hal_conf.h' has been changed.
'f:\STM32CubeMX\project\dji-F407VET6\Drivers\STM32F4xx_HAL_Driver\Src\stm32f4xx_hal_flash.c': dependence 'f:\STM32CubeMX\project\dji-F407VET6\Core\Inc\stm32f4xx_hal_conf.h' has been changed.
'f:\STM32CubeMX\project\dji-F407VET6\Drivers\STM32F4xx_HAL_Driver\Src\stm32f4xx_hal_flash_ex.c': dependence 'f:\STM32CubeMX\project\dji-F407VET6\Core\Inc\stm32f4xx_hal_conf.h' has been changed.
'f:\STM32CubeMX\project\dji-F407VET6\Drivers\STM32F4xx_HAL_Driver\Src\stm32f4xx_hal_flash_ramfunc.c': dependence 'f:\STM32CubeMX\project\dji-F407VET6\Core\Inc\stm32f4xx_hal_conf.h' has been changed.
'f:\STM32CubeMX\project\dji-F407VET6\Drivers\STM32F4xx_HAL_Driver\Src\stm32f4xx_hal_gpio.c': dependence 'f:\STM32CubeMX\project\dji-F407VET6\Core\Inc\stm32f4xx_hal_conf.h' has been changed.
'f:\STM32CubeMX\project\dji-F407VET6\Drivers\STM32F4xx_HAL_Driver\Src\stm32f4xx_hal_pwr.c': dependence 'f:\STM32CubeMX\project\dji-F407VET6\Core\Inc\stm32f4xx_hal_conf.h' has been changed.
'f:\STM32CubeMX\project\dji-F407VET6\Drivers\STM32F4xx_HAL_Driver\Src\stm32f4xx_hal_pwr_ex.c': dependence 'f:\STM32CubeMX\project\dji-F407VET6\Core\Inc\stm32f4xx_hal_conf.h' has been changed.
'f:\STM32CubeMX\project\dji-F407VET6\Drivers\STM32F4xx_HAL_Driver\Src\stm32f4xx_hal_rcc.c': dependence 'f:\STM32CubeMX\project\dji-F407VET6\Core\Inc\stm32f4xx_hal_conf.h' has been changed.
'f:\STM32CubeMX\project\dji-F407VET6\Drivers\STM32F4xx_HAL_Driver\Src\stm32f4xx_hal_rcc_ex.c': dependence 'f:\STM32CubeMX\project\dji-F407VET6\Core\Inc\stm32f4xx_hal_conf.h' has been changed.
'f:\STM32CubeMX\project\dji-F407VET6\Drivers\STM32F4xx_HAL_Driver\Src\stm32f4xx_hal_uart.c': object (.o) file not exist

[2026-03-26 02:23:13]	compilation failed at : "f:\STM32CubeMX\project\dji-F407VET6\Core\Src\main.c", exit code: 1
command: 
  "F:\arm\14.3 rel1\bin\arm-none-eabi-gcc.exe" -c -xc -std=c11 -IDrivers/CMSIS/Include -IDrivers/CMSIS/Device/ST/STM32F4xx/Include -IDrivers/STM32F4xx_HAL_Driver/Src -IDrivers/STM32F4xx_HAL_Driver/Inc -IDrivers/STM32F4xx_HAL_Driver/Inc/Legacy -ICore/Inc -ICore/Src -D"USE_HAL_DRIVER" -D"STM32F407xx" -mcpu=cortex-m3 -mthumb -Og -Wall -g -ffunction-sections -fdata-sections -funsigned-char --specs=nano.specs --specs=nosys.specs -o ./build/Debug/.obj/Core/Src/main.o -MMD ./Core/Src/main.c
   at unify_builder.Program.compileByMulThread(Int32 thrNum, CmdInfo[] cmds_, List`1 errLogs)
   at unify_builder.Program.Main(String[] args_)
---
./Core/Src/main.c: In function 'main':
./Core/Src/main.c:80:3: error: implicit declaration of function 'VOFA_Init' [-Wimplicit-function-declaration]
   80 |   VOFA_Init(); // ÕłØÕ¦ŗÕī?VOFA ÕÅæķĆüÕŖ¤Ķā?      |   ^~~~~~~~~
./Core/Src/main.c: At top level:
./Core/Src/main.c:187:8: error: unknown type name 'Motor_t'
  187 | extern Motor_t motor; // ÕīģÕÉ½ speed, target_speed ńŁēµłÉÕæ?      |        ^~~~~~~
./Core/Src/main.c:190:36: error: unknown type name 'TIM_HandleTypeDef'; did you mean 'CAN_HandleTypeDef'?
  190 | void HAL_TIM_PeriodElapsedCallback(TIM_HandleTypeDef *htim) {
      |                                    ^~~~~~~~~~~~~~~~~
      |                                    CAN_HandleTypeDef

[2026-03-26 02:35:41]	[info] incremental build: 18 source files changed
These source files will be recompiled
---
'f:\STM32CubeMX\project\dji-F407VET6\Core\Src\main.c': source file has been changed.
'f:\STM32CubeMX\project\dji-F407VET6\Core\Src\usart.c': object (.o) file not exist
'f:\STM32CubeMX\project\dji-F407VET6\Core\Src\vofa.c': object (.o) file not exist
'f:\STM32CubeMX\project\dji-F407VET6\Drivers\STM32F4xx_HAL_Driver\Src\stm32f4xx_hal.c': dependence 'f:\STM32CubeMX\project\dji-F407VET6\Core\Inc\stm32f4xx_hal_conf.h' has been changed.
'f:\STM32CubeMX\project\dji-F407VET6\Drivers\STM32F4xx_HAL_Driver\Src\stm32f4xx_hal_can.c': dependence 'f:\STM32CubeMX\project\dji-F407VET6\Core\Inc\stm32f4xx_hal_conf.h' has been changed.
'f:\STM32CubeMX\project\dji-F407VET6\Drivers\STM32F4xx_HAL_Driver\Src\stm32f4xx_hal_cortex.c': dependence 'f:\STM32CubeMX\project\dji-F407VET6\Core\Inc\stm32f4xx_hal_conf.h' has been changed.
'f:\STM32CubeMX\project\dji-F407VET6\Drivers\STM32F4xx_HAL_Driver\Src\stm32f4xx_hal_dma.c': dependence 'f:\STM32CubeMX\project\dji-F407VET6\Core\Inc\stm32f4xx_hal_conf.h' has been changed.
'f:\STM32CubeMX\project\dji-F407VET6\Drivers\STM32F4xx_HAL_Driver\Src\stm32f4xx_hal_dma_ex.c': dependence 'f:\STM32CubeMX\project\dji-F407VET6\Core\Inc\stm32f4xx_hal_conf.h' has been changed.
'f:\STM32CubeMX\project\dji-F407VET6\Drivers\STM32F4xx_HAL_Driver\Src\stm32f4xx_hal_exti.c': dependence 'f:\STM32CubeMX\project\dji-F407VET6\Core\Inc\stm32f4xx_hal_conf.h' has been changed.
'f:\STM32CubeMX\project\dji-F407VET6\Drivers\STM32F4xx_HAL_Driver\Src\stm32f4xx_hal_flash.c': dependence 'f:\STM32CubeMX\project\dji-F407VET6\Core\Inc\stm32f4xx_hal_conf.h' has been changed.
'f:\STM32CubeMX\project\dji-F407VET6\Drivers\STM32F4xx_HAL_Driver\Src\stm32f4xx_hal_flash_ex.c': dependence 'f:\STM32CubeMX\project\dji-F407VET6\Core\Inc\stm32f4xx_hal_conf.h' has been changed.
'f:\STM32CubeMX\project\dji-F407VET6\Drivers\STM32F4xx_HAL_Driver\Src\stm32f4xx_hal_flash_ramfunc.c': dependence 'f:\STM32CubeMX\project\dji-F407VET6\Core\Inc\stm32f4xx_hal_conf.h' has been changed.
'f:\STM32CubeMX\project\dji-F407VET6\Drivers\STM32F4xx_HAL_Driver\Src\stm32f4xx_hal_gpio.c': dependence 'f:\STM32CubeMX\project\dji-F407VET6\Core\Inc\stm32f4xx_hal_conf.h' has been changed.
'f:\STM32CubeMX\project\dji-F407VET6\Drivers\STM32F4xx_HAL_Driver\Src\stm32f4xx_hal_pwr.c': dependence 'f:\STM32CubeMX\project\dji-F407VET6\Core\Inc\stm32f4xx_hal_conf.h' has been changed.
'f:\STM32CubeMX\project\dji-F407VET6\Drivers\STM32F4xx_HAL_Driver\Src\stm32f4xx_hal_pwr_ex.c': dependence 'f:\STM32CubeMX\project\dji-F407VET6\Core\Inc\stm32f4xx_hal_conf.h' has been changed.
'f:\STM32CubeMX\project\dji-F407VET6\Drivers\STM32F4xx_HAL_Driver\Src\stm32f4xx_hal_rcc.c': dependence 'f:\STM32CubeMX\project\dji-F407VET6\Core\Inc\stm32f4xx_hal_conf.h' has been changed.
'f:\STM32CubeMX\project\dji-F407VET6\Drivers\STM32F4xx_HAL_Driver\Src\stm32f4xx_hal_rcc_ex.c': dependence 'f:\STM32CubeMX\project\dji-F407VET6\Core\Inc\stm32f4xx_hal_conf.h' has been changed.
'f:\STM32CubeMX\project\dji-F407VET6\Drivers\STM32F4xx_HAL_Driver\Src\stm32f4xx_hal_uart.c': object (.o) file not exist

[2026-03-26 02:35:42]	compilation failed at : "f:\STM32CubeMX\project\dji-F407VET6\Core\Src\main.c", exit code: 1
command: 
  "F:\arm\14.3 rel1\bin\arm-none-eabi-gcc.exe" -c -xc -std=c11 -IDrivers/CMSIS/Include -IDrivers/CMSIS/Device/ST/STM32F4xx/Include -IDrivers/STM32F4xx_HAL_Driver/Src -IDrivers/STM32F4xx_HAL_Driver/Inc -IDrivers/STM32F4xx_HAL_Driver/Inc/Legacy -ICore/Inc -ICore/Src -D"USE_HAL_DRIVER" -D"STM32F407xx" -mcpu=cortex-m3 -mthumb -Og -Wall -g -ffunction-sections -fdata-sections -funsigned-char --specs=nano.specs --specs=nosys.specs -o ./build/Debug/.obj/Core/Src/main.o -MMD ./Core/Src/main.c
   at unify_builder.Program.compileByMulThread(Int32 thrNum, CmdInfo[] cmds_, List`1 errLogs)
   at unify_builder.Program.Main(String[] args_)
---
./Core/Src/main.c: In function 'main':
./Core/Src/main.c:80:3: error: implicit declaration of function 'VOFA_Init' [-Wimplicit-function-declaration]
   80 |   VOFA_Init(); // ÕłØÕ¦ŗÕī?VOFA ÕÅæķĆüÕŖ¤Ķā?      |   ^~~~~~~~~
./Core/Src/main.c:134:5: error: 'vofa_timer' undeclared (first use in this function)
  134 |     vofa_timer++;
      |     ^~~~~~~~~~
./Core/Src/main.c:134:5: note: each undeclared identifier is reported only once for each function it appears in
./Core/Src/main.c:156:9: error: implicit declaration of function 'VOFA_Send' [-Wimplicit-function-declaration]
  156 |         VOFA_Send(debug_data, 3);
      |         ^~~~~~~~~

[2026-03-26 02:36:24]	[info] incremental build: 10 source files changed
These source files will be recompiled
---
'f:\STM32CubeMX\project\dji-F407VET6\Core\Src\main.c': source file has been changed.
'f:\STM32CubeMX\project\dji-F407VET6\Drivers\STM32F4xx_HAL_Driver\Src\stm32f4xx_hal_flash.c': dependence 'f:\STM32CubeMX\project\dji-F407VET6\Core\Inc\stm32f4xx_hal_conf.h' has been changed.
'f:\STM32CubeMX\project\dji-F407VET6\Drivers\STM32F4xx_HAL_Driver\Src\stm32f4xx_hal_flash_ex.c': dependence 'f:\STM32CubeMX\project\dji-F407VET6\Core\Inc\stm32f4xx_hal_conf.h' has been changed.
'f:\STM32CubeMX\project\dji-F407VET6\Drivers\STM32F4xx_HAL_Driver\Src\stm32f4xx_hal_flash_ramfunc.c': dependence 'f:\STM32CubeMX\project\dji-F407VET6\Core\Inc\stm32f4xx_hal_conf.h' has been changed.
'f:\STM32CubeMX\project\dji-F407VET6\Drivers\STM32F4xx_HAL_Driver\Src\stm32f4xx_hal_gpio.c': dependence 'f:\STM32CubeMX\project\dji-F407VET6\Core\Inc\stm32f4xx_hal_conf.h' has been changed.
'f:\STM32CubeMX\project\dji-F407VET6\Drivers\STM32F4xx_HAL_Driver\Src\stm32f4xx_hal_pwr.c': dependence 'f:\STM32CubeMX\project\dji-F407VET6\Core\Inc\stm32f4xx_hal_conf.h' has been changed.
'f:\STM32CubeMX\project\dji-F407VET6\Drivers\STM32F4xx_HAL_Driver\Src\stm32f4xx_hal_pwr_ex.c': dependence 'f:\STM32CubeMX\project\dji-F407VET6\Core\Inc\stm32f4xx_hal_conf.h' has been changed.
'f:\STM32CubeMX\project\dji-F407VET6\Drivers\STM32F4xx_HAL_Driver\Src\stm32f4xx_hal_rcc.c': dependence 'f:\STM32CubeMX\project\dji-F407VET6\Core\Inc\stm32f4xx_hal_conf.h' has been changed.
'f:\STM32CubeMX\project\dji-F407VET6\Drivers\STM32F4xx_HAL_Driver\Src\stm32f4xx_hal_rcc_ex.c': dependence 'f:\STM32CubeMX\project\dji-F407VET6\Core\Inc\stm32f4xx_hal_conf.h' has been changed.
'f:\STM32CubeMX\project\dji-F407VET6\Drivers\STM32F4xx_HAL_Driver\Src\stm32f4xx_hal_uart.c': object (.o) file not exist

[2026-03-26 02:36:25]	compilation failed at : "f:\STM32CubeMX\project\dji-F407VET6\Core\Src\main.c", exit code: 1
command: 
  "F:\arm\14.3 rel1\bin\arm-none-eabi-gcc.exe" -c -xc -std=c11 -IDrivers/CMSIS/Include -IDrivers/CMSIS/Device/ST/STM32F4xx/Include -IDrivers/STM32F4xx_HAL_Driver/Src -IDrivers/STM32F4xx_HAL_Driver/Inc -IDrivers/STM32F4xx_HAL_Driver/Inc/Legacy -ICore/Inc -ICore/Src -D"USE_HAL_DRIVER" -D"STM32F407xx" -mcpu=cortex-m3 -mthumb -Og -Wall -g -ffunction-sections -fdata-sections -funsigned-char --specs=nano.specs --specs=nosys.specs -o ./build/Debug/.obj/Core/Src/main.o -MMD ./Core/Src/main.c
   at unify_builder.Program.compileByMulThread(Int32 thrNum, CmdInfo[] cmds_, List`1 errLogs)
   at unify_builder.Program.Main(String[] args_)
---
./Core/Src/main.c: In function 'main':
./Core/Src/main.c:80:3: error: implicit declaration of function 'VOFA_Init' [-Wimplicit-function-declaration]
   80 |   VOFA_Init(); // ÕłØÕ¦ŗÕī?VOFA ÕÅæķĆüÕŖ¤Ķā?      |   ^~~~~~~~~
./Core/Src/main.c:157:9: error: implicit declaration of function 'VOFA_Send' [-Wimplicit-function-declaration]
  157 |         VOFA_Send(debug_data, 3);
      |         ^~~~~~~~~

[2026-03-26 02:37:34]	[info] incremental build: 6 source files changed
These source files will be recompiled
---
'f:\STM32CubeMX\project\dji-F407VET6\Core\Src\main.c': source file has been changed.
'f:\STM32CubeMX\project\dji-F407VET6\Drivers\STM32F4xx_HAL_Driver\Src\stm32f4xx_hal_pwr.c': dependence 'f:\STM32CubeMX\project\dji-F407VET6\Core\Inc\stm32f4xx_hal_conf.h' has been changed.
'f:\STM32CubeMX\project\dji-F407VET6\Drivers\STM32F4xx_HAL_Driver\Src\stm32f4xx_hal_pwr_ex.c': dependence 'f:\STM32CubeMX\project\dji-F407VET6\Core\Inc\stm32f4xx_hal_conf.h' has been changed.
'f:\STM32CubeMX\project\dji-F407VET6\Drivers\STM32F4xx_HAL_Driver\Src\stm32f4xx_hal_rcc.c': dependence 'f:\STM32CubeMX\project\dji-F407VET6\Core\Inc\stm32f4xx_hal_conf.h' has been changed.
'f:\STM32CubeMX\project\dji-F407VET6\Drivers\STM32F4xx_HAL_Driver\Src\stm32f4xx_hal_rcc_ex.c': dependence 'f:\STM32CubeMX\project\dji-F407VET6\Core\Inc\stm32f4xx_hal_conf.h' has been changed.
'f:\STM32CubeMX\project\dji-F407VET6\Drivers\STM32F4xx_HAL_Driver\Src\stm32f4xx_hal_uart.c': object (.o) file not exist

[2026-03-26 02:37:37]	[done]
	build successfully !

[2026-03-26 13:57:54]	[info] incremental build: 28 source files changed
These source files will be recompiled
---
'f:\STM32CubeMX\project\dji-F407VET6\Core\Src\can.c': compiler options has been changed.
'f:\STM32CubeMX\project\dji-F407VET6\Core\Src\can_motor.c': compiler options has been changed.
'f:\STM32CubeMX\project\dji-F407VET6\Core\Src\dma.c': compiler options has been changed.
'f:\STM32CubeMX\project\dji-F407VET6\Core\Src\gpio.c': compiler options has been changed.
'f:\STM32CubeMX\project\dji-F407VET6\Core\Src\main.c': source file has been changed.
'f:\STM32CubeMX\project\dji-F407VET6\Core\Src\stm32f4xx_hal_msp.c': compiler options has been changed.
'f:\STM32CubeMX\project\dji-F407VET6\Core\Src\stm32f4xx_it.c': compiler options has been changed.
'f:\STM32CubeMX\project\dji-F407VET6\Core\Src\syscalls.c': compiler options has been changed.
'f:\STM32CubeMX\project\dji-F407VET6\Core\Src\sysmem.c': compiler options has been changed.
'f:\STM32CubeMX\project\dji-F407VET6\Core\Src\system_stm32f4xx.c': compiler options has been changed.
'f:\STM32CubeMX\project\dji-F407VET6\Core\Src\usart.c': compiler options has been changed.
'f:\STM32CubeMX\project\dji-F407VET6\Core\Src\vofa.c': compiler options has been changed.
'f:\STM32CubeMX\project\dji-F407VET6\Drivers\STM32F4xx_HAL_Driver\Src\stm32f4xx_hal.c': compiler options has been changed.
'f:\STM32CubeMX\project\dji-F407VET6\Drivers\STM32F4xx_HAL_Driver\Src\stm32f4xx_hal_can.c': compiler options has been changed.
'f:\STM32CubeMX\project\dji-F407VET6\Drivers\STM32F4xx_HAL_Driver\Src\stm32f4xx_hal_cortex.c': compiler options has been changed.
'f:\STM32CubeMX\project\dji-F407VET6\Drivers\STM32F4xx_HAL_Driver\Src\stm32f4xx_hal_dma.c': compiler options has been changed.
'f:\STM32CubeMX\project\dji-F407VET6\Drivers\STM32F4xx_HAL_Driver\Src\stm32f4xx_hal_dma_ex.c': compiler options has been changed.
'f:\STM32CubeMX\project\dji-F407VET6\Drivers\STM32F4xx_HAL_Driver\Src\stm32f4xx_hal_exti.c': compiler options has been changed.
'f:\STM32CubeMX\project\dji-F407VET6\Drivers\STM32F4xx_HAL_Driver\Src\stm32f4xx_hal_flash.c': compiler options has been changed.
'f:\STM32CubeMX\project\dji-F407VET6\Drivers\STM32F4xx_HAL_Driver\Src\stm32f4xx_hal_flash_ex.c': compiler options has been changed.
'f:\STM32CubeMX\project\dji-F407VET6\Drivers\STM32F4xx_HAL_Driver\Src\stm32f4xx_hal_flash_ramfunc.c': compiler options has been changed.
'f:\STM32CubeMX\project\dji-F407VET6\Drivers\STM32F4xx_HAL_Driver\Src\stm32f4xx_hal_gpio.c': compiler options has been changed.
'f:\STM32CubeMX\project\dji-F407VET6\Drivers\STM32F4xx_HAL_Driver\Src\stm32f4xx_hal_pwr.c': compiler options has been changed.
'f:\STM32CubeMX\project\dji-F407VET6\Drivers\STM32F4xx_HAL_Driver\Src\stm32f4xx_hal_pwr_ex.c': compiler options has been changed.
'f:\STM32CubeMX\project\dji-F407VET6\Drivers\STM32F4xx_HAL_Driver\Src\stm32f4xx_hal_rcc.c': compiler options has been changed.
'f:\STM32CubeMX\project\dji-F407VET6\Drivers\STM32F4xx_HAL_Driver\Src\stm32f4xx_hal_rcc_ex.c': compiler options has been changed.
'f:\STM32CubeMX\project\dji-F407VET6\Drivers\STM32F4xx_HAL_Driver\Src\stm32f4xx_hal_uart.c': compiler options has been changed.
'f:\STM32CubeMX\project\dji-F407VET6\startup_stm32f407xx.s': compiler options has been changed.

[2026-03-26 13:57:58]	[done]
	build successfully !

[2026-03-26 14:15:38]	[info] incremental build: 30 source files changed
These source files will be recompiled
---
'f:\STM32CubeMX\project\dji-F407VET6\Core\Src\can.c': compiler options has been changed.
'f:\STM32CubeMX\project\dji-F407VET6\Core\Src\can_motor.c': compiler options has been changed.
'f:\STM32CubeMX\project\dji-F407VET6\Core\Src\debug_monitor.c': object (.o) file not exist
'f:\STM32CubeMX\project\dji-F407VET6\Core\Src\dma.c': compiler options has been changed.
'f:\STM32CubeMX\project\dji-F407VET6\Core\Src\gpio.c': compiler options has been changed.
'f:\STM32CubeMX\project\dji-F407VET6\Core\Src\main.c': source file has been changed.
'f:\STM32CubeMX\project\dji-F407VET6\Core\Src\motor_control.c': object (.o) file not exist
'f:\STM32CubeMX\project\dji-F407VET6\Core\Src\stm32f4xx_hal_msp.c': compiler options has been changed.
'f:\STM32CubeMX\project\dji-F407VET6\Core\Src\stm32f4xx_it.c': compiler options has been changed.
'f:\STM32CubeMX\project\dji-F407VET6\Core\Src\syscalls.c': compiler options has been changed.
'f:\STM32CubeMX\project\dji-F407VET6\Core\Src\sysmem.c': compiler options has been changed.
'f:\STM32CubeMX\project\dji-F407VET6\Core\Src\system_stm32f4xx.c': compiler options has been changed.
'f:\STM32CubeMX\project\dji-F407VET6\Core\Src\usart.c': compiler options has been changed.
'f:\STM32CubeMX\project\dji-F407VET6\Core\Src\vofa.c': compiler options has been changed.
'f:\STM32CubeMX\project\dji-F407VET6\Drivers\STM32F4xx_HAL_Driver\Src\stm32f4xx_hal.c': compiler options has been changed.
'f:\STM32CubeMX\project\dji-F407VET6\Drivers\STM32F4xx_HAL_Driver\Src\stm32f4xx_hal_can.c': compiler options has been changed.
'f:\STM32CubeMX\project\dji-F407VET6\Drivers\STM32F4xx_HAL_Driver\Src\stm32f4xx_hal_cortex.c': compiler options has been changed.
'f:\STM32CubeMX\project\dji-F407VET6\Drivers\STM32F4xx_HAL_Driver\Src\stm32f4xx_hal_dma.c': compiler options has been changed.
'f:\STM32CubeMX\project\dji-F407VET6\Drivers\STM32F4xx_HAL_Driver\Src\stm32f4xx_hal_dma_ex.c': compiler options has been changed.
'f:\STM32CubeMX\project\dji-F407VET6\Drivers\STM32F4xx_HAL_Driver\Src\stm32f4xx_hal_exti.c': compiler options has been changed.
'f:\STM32CubeMX\project\dji-F407VET6\Drivers\STM32F4xx_HAL_Driver\Src\stm32f4xx_hal_flash.c': compiler options has been changed.
'f:\STM32CubeMX\project\dji-F407VET6\Drivers\STM32F4xx_HAL_Driver\Src\stm32f4xx_hal_flash_ex.c': compiler options has been changed.
'f:\STM32CubeMX\project\dji-F407VET6\Drivers\STM32F4xx_HAL_Driver\Src\stm32f4xx_hal_flash_ramfunc.c': compiler options has been changed.
'f:\STM32CubeMX\project\dji-F407VET6\Drivers\STM32F4xx_HAL_Driver\Src\stm32f4xx_hal_gpio.c': compiler options has been changed.
'f:\STM32CubeMX\project\dji-F407VET6\Drivers\STM32F4xx_HAL_Driver\Src\stm32f4xx_hal_pwr.c': compiler options has been changed.
'f:\STM32CubeMX\project\dji-F407VET6\Drivers\STM32F4xx_HAL_Driver\Src\stm32f4xx_hal_pwr_ex.c': compiler options has been changed.
'f:\STM32CubeMX\project\dji-F407VET6\Drivers\STM32F4xx_HAL_Driver\Src\stm32f4xx_hal_rcc.c': compiler options has been changed.
'f:\STM32CubeMX\project\dji-F407VET6\Drivers\STM32F4xx_HAL_Driver\Src\stm32f4xx_hal_rcc_ex.c': compiler options has been changed.
'f:\STM32CubeMX\project\dji-F407VET6\Drivers\STM32F4xx_HAL_Driver\Src\stm32f4xx_hal_uart.c': compiler options has been changed.
'f:\STM32CubeMX\project\dji-F407VET6\startup_stm32f407xx.s': compiler options has been changed.

[2026-03-26 14:15:42]	[done]
	build successfully !

